c:\users\maciek\csgraycast\csgraycast\x64\debug\vc143.pdb
c:\users\maciek\csgraycast\csgraycast\x64\debug\vc143.idb
c:\users\maciek\csgraycast\csgraycast\x64\debug\loadfile.obj
c:\users\maciek\csgraycast\csgraycast\x64\debug\main.cu.obj
c:\users\maciek\csgraycast\csgraycast\x64\debug\tracer.cu.obj
c:\users\maciek\csgraycast\x64\debug\csgraycast.exe
c:\users\maciek\csgraycast\x64\debug\csgraycast.pdb
c:\users\maciek\csgraycast\x64\debug\csgraycast.lib
c:\users\maciek\csgraycast\x64\debug\csgraycast.exp
c:\users\maciek\csgraycast\csgraycast\x64\debug\csgraycast.ilk
c:\users\maciek\csgraycast\csgraycast\x64\debug\main.cu.cache
c:\users\maciek\csgraycast\csgraycast\x64\debug\tracer.cu.cache
c:\users\maciek\csgraycast\csgraycast\x64\debug\csgraycast.tlog\cl.command.1.tlog
c:\users\maciek\csgraycast\csgraycast\x64\debug\csgraycast.tlog\cl.items.tlog
c:\users\maciek\csgraycast\csgraycast\x64\debug\csgraycast.tlog\cl.read.1.tlog
c:\users\maciek\csgraycast\csgraycast\x64\debug\csgraycast.tlog\cl.write.1.tlog
c:\users\maciek\csgraycast\csgraycast\x64\debug\csgraycast.tlog\cudacompile.read.1u.tlog
c:\users\maciek\csgraycast\csgraycast\x64\debug\csgraycast.tlog\cudacompile.write.1u.tlog
c:\users\maciek\csgraycast\csgraycast\x64\debug\csgraycast.tlog\link.command.1.tlog
c:\users\maciek\csgraycast\csgraycast\x64\debug\csgraycast.tlog\link.read.1.tlog
c:\users\maciek\csgraycast\csgraycast\x64\debug\csgraycast.tlog\link.secondary.1.tlog
c:\users\maciek\csgraycast\csgraycast\x64\debug\csgraycast.tlog\link.write.1.tlog
