c:\users\maciek\csgraycast\csgraycast\x64\release\vc143.pdb
c:\users\maciek\csgraycast\csgraycast\x64\release\loadfile.obj
c:\users\maciek\csgraycast\csgraycast\x64\release\main.cu.obj
c:\users\maciek\csgraycast\csgraycast\x64\release\tracer.cu.obj
c:\users\maciek\csgraycast\x64\release\csgraycast.exe
c:\users\maciek\csgraycast\x64\release\csgraycast.pdb
c:\users\maciek\csgraycast\x64\release\csgraycast.lib
c:\users\maciek\csgraycast\x64\release\csgraycast.exp
c:\users\maciek\csgraycast\csgraycast\x64\release\csgraycast.ipdb
c:\users\maciek\csgraycast\csgraycast\x64\release\csgraycast.iobj
c:\users\maciek\csgraycast\csgraycast\x64\release\main.cu.cache
c:\users\maciek\csgraycast\csgraycast\x64\release\tracer.cu.cache
c:\users\maciek\csgraycast\csgraycast\x64\release\csgraycast.tlog\cl.command.1.tlog
c:\users\maciek\csgraycast\csgraycast\x64\release\csgraycast.tlog\cl.items.tlog
c:\users\maciek\csgraycast\csgraycast\x64\release\csgraycast.tlog\cl.read.1.tlog
c:\users\maciek\csgraycast\csgraycast\x64\release\csgraycast.tlog\cl.write.1.tlog
c:\users\maciek\csgraycast\csgraycast\x64\release\csgraycast.tlog\cudacompile.read.1u.tlog
c:\users\maciek\csgraycast\csgraycast\x64\release\csgraycast.tlog\cudacompile.write.1u.tlog
c:\users\maciek\csgraycast\csgraycast\x64\release\csgraycast.tlog\link.command.1.tlog
c:\users\maciek\csgraycast\csgraycast\x64\release\csgraycast.tlog\link.read.1.tlog
c:\users\maciek\csgraycast\csgraycast\x64\release\csgraycast.tlog\link.secondary.1.tlog
c:\users\maciek\csgraycast\csgraycast\x64\release\csgraycast.tlog\link.write.1.tlog
